[16-Jul-2023 05:20:31 UTC] PHP Warning:  mysqli_real_connect(): (HY000/2002): No such file or directory in /Users/hurayra/Local Sites/blueprint/app/public/wp-includes/class-wpdb.php on line 2019
[27-Jul-2023 05:42:16 UTC] PHP Warning:  mysqli_real_connect(): (HY000/2002): No such file or directory in /Users/hurayra/Local Sites/blueprint/app/public/wp-includes/class-wpdb.php on line 2019
[28-Jul-2023 08:23:17 UTC] PHP Warning:  mysqli_real_connect(): (HY000/2002): No such file or directory in /Users/hurayra/Local Sites/blueprint/app/public/wp-includes/class-wpdb.php on line 2019
[30-Jul-2023 06:36:00 UTC] PHP Warning:  mysqli_real_connect(): (HY000/1045): Access denied for user 'root'@'localhost' (using password: YES) in /Users/hurayra/Local Sites/blueprint/app/public/wp-includes/class-wpdb.php on line 2019
[30-Jul-2023 06:59:19 UTC] PHP Warning:  mysqli_real_connect(): (HY000/2002): No such file or directory in /Users/hurayra/Local Sites/blueprint/app/public/wp-includes/class-wpdb.php on line 2019
[30-Jul-2023 06:59:22 UTC] PHP Warning:  mysqli_real_connect(): (HY000/2002): No such file or directory in /Users/hurayra/Local Sites/blueprint/app/public/wp-includes/class-wpdb.php on line 2019
[30-Jul-2023 06:59:22 UTC] PHP Warning:  mysqli_real_connect(): (HY000/2002): No such file or directory in /Users/hurayra/Local Sites/blueprint/app/public/wp-includes/class-wpdb.php on line 2019
[02-Aug-2023 11:57:34 UTC] PHP Warning:  mysqli_real_connect(): (HY000/2002): No such file or directory in /Users/hurayra/Local Sites/blueprint/app/public/wp-includes/class-wpdb.php on line 2019
[02-Aug-2023 11:57:35 UTC] PHP Warning:  mysqli_real_connect(): (HY000/2002): No such file or directory in /Users/hurayra/Local Sites/blueprint/app/public/wp-includes/class-wpdb.php on line 2019
[02-Aug-2023 11:57:35 UTC] PHP Warning:  mysqli_real_connect(): (HY000/2002): No such file or directory in /Users/hurayra/Local Sites/blueprint/app/public/wp-includes/class-wpdb.php on line 2019
[02-Aug-2023 11:57:35 UTC] PHP Warning:  mysqli_real_connect(): (HY000/2002): No such file or directory in /Users/hurayra/Local Sites/blueprint/app/public/wp-includes/class-wpdb.php on line 2019
[08-Aug-2023 06:11:22 UTC] PHP Warning:  mysqli_real_connect(): (HY000/2002): No such file or directory in /Users/hurayra/Local Sites/blueprint/app/public/wp-includes/class-wpdb.php on line 2019
[15-Aug-2023 13:36:00 UTC] PHP Warning:  mysqli_real_connect(): (HY000/2002): No such file or directory in /Users/hurayra/Local Sites/blueprint/app/public/wp-includes/class-wpdb.php on line 2019
[15-Aug-2023 13:36:02 UTC] PHP Warning:  mysqli_real_connect(): (HY000/2002): No such file or directory in /Users/hurayra/Local Sites/blueprint/app/public/wp-includes/class-wpdb.php on line 2019
[15-Aug-2023 13:36:02 UTC] PHP Warning:  mysqli_real_connect(): (HY000/2002): No such file or directory in /Users/hurayra/Local Sites/blueprint/app/public/wp-includes/class-wpdb.php on line 2019
[15-Aug-2023 13:42:45 UTC] PHP Warning:  An unexpected error occurred. Something may be wrong with WordPress.org or this server&#8217;s configuration. If you continue to have problems, please try the <a href="https://wordpress.org/support/forums/">support forums</a>. (WordPress could not establish a secure connection to WordPress.org. Please contact your server administrator.) in /Users/hurayra/Local Sites/blueprint/app/public/wp-includes/update.php on line 209
[21-Aug-2023 06:54:36 UTC] PHP Warning:  mysqli_real_connect(): (HY000/2002): No such file or directory in /Users/hurayra/Local Sites/blueprint/app/public/wp-includes/class-wpdb.php on line 2035
[21-Aug-2023 06:54:38 UTC] PHP Warning:  mysqli_real_connect(): (HY000/2002): No such file or directory in /Users/hurayra/Local Sites/blueprint/app/public/wp-includes/class-wpdb.php on line 2035
[21-Aug-2023 06:54:38 UTC] PHP Warning:  mysqli_real_connect(): (HY000/2002): No such file or directory in /Users/hurayra/Local Sites/blueprint/app/public/wp-includes/class-wpdb.php on line 2035
[23-Aug-2023 06:30:43 UTC] PHP Warning:  mysqli_real_connect(): (HY000/2002): No such file or directory in /Users/hurayra/Local Sites/blueprint/app/public/wp-includes/class-wpdb.php on line 2035
[23-Aug-2023 06:31:03 UTC] PHP Warning:  mysqli_real_connect(): (HY000/2002): No such file or directory in /Users/hurayra/Local Sites/blueprint/app/public/wp-includes/class-wpdb.php on line 2035
[23-Aug-2023 06:31:05 UTC] PHP Warning:  mysqli_real_connect(): (HY000/2002): No such file or directory in /Users/hurayra/Local Sites/blueprint/app/public/wp-includes/class-wpdb.php on line 2035
[23-Aug-2023 06:31:05 UTC] PHP Warning:  mysqli_real_connect(): (HY000/2002): No such file or directory in /Users/hurayra/Local Sites/blueprint/app/public/wp-includes/class-wpdb.php on line 2035
[03-Sep-2023 04:36:59 UTC] PHP Warning:  mysqli_real_connect(): (HY000/2002): No such file or directory in /Users/hurayra/Local Sites/blueprint/app/public/wp-includes/class-wpdb.php on line 2035
[03-Sep-2023 04:37:01 UTC] PHP Warning:  mysqli_real_connect(): (HY000/2002): No such file or directory in /Users/hurayra/Local Sites/blueprint/app/public/wp-includes/class-wpdb.php on line 2035
[03-Sep-2023 04:37:01 UTC] PHP Warning:  mysqli_real_connect(): (HY000/2002): No such file or directory in /Users/hurayra/Local Sites/blueprint/app/public/wp-includes/class-wpdb.php on line 2035
[04-Sep-2023 06:49:35 UTC] PHP Warning:  mysqli_real_connect(): (HY000/2002): No such file or directory in /Users/hurayra/Local Sites/blueprint/app/public/wp-includes/class-wpdb.php on line 2035
[04-Sep-2023 06:49:36 UTC] PHP Warning:  mysqli_real_connect(): (HY000/2002): No such file or directory in /Users/hurayra/Local Sites/blueprint/app/public/wp-includes/class-wpdb.php on line 2035
[04-Sep-2023 06:49:36 UTC] PHP Warning:  mysqli_real_connect(): (HY000/2002): No such file or directory in /Users/hurayra/Local Sites/blueprint/app/public/wp-includes/class-wpdb.php on line 2035
[10-Sep-2023 02:37:17 UTC] PHP Warning:  mysqli_real_connect(): (HY000/2002): No such file or directory in /Users/hurayra/Local Sites/blueprint/app/public/wp-includes/class-wpdb.php on line 2035
[10-Sep-2023 02:37:18 UTC] PHP Warning:  mysqli_real_connect(): (HY000/2002): No such file or directory in /Users/hurayra/Local Sites/blueprint/app/public/wp-includes/class-wpdb.php on line 2035
[10-Sep-2023 02:37:18 UTC] PHP Warning:  mysqli_real_connect(): (HY000/2002): No such file or directory in /Users/hurayra/Local Sites/blueprint/app/public/wp-includes/class-wpdb.php on line 2035
[12-Sep-2023 03:08:00 UTC] PHP Warning:  mysqli_real_connect(): (HY000/2002): No such file or directory in /Users/hurayra/Local Sites/blueprint/app/public/wp-includes/class-wpdb.php on line 2035
[12-Sep-2023 03:08:05 UTC] PHP Warning:  mysqli_real_connect(): (HY000/2002): No such file or directory in /Users/hurayra/Local Sites/blueprint/app/public/wp-includes/class-wpdb.php on line 2035
[12-Sep-2023 03:08:39 UTC] Cron reschedule event error for hook: wp_1_wc_privacy_cleanup_cron, Error code: could_not_set, Error message: The cron event list could not be saved., Data: {"schedule":"wp_1_wc_privacy_cleanup_cron_interval","args":[],"interval":300}
[24-Sep-2023 13:15:36 UTC] PHP Warning:  mysqli_real_connect(): (HY000/2002): No such file or directory in /Users/hurayra/Local Sites/blueprint/app/public/wp-includes/class-wpdb.php on line 2035
[25-Sep-2023 05:17:31 UTC] PHP Warning:  mysqli_real_connect(): (HY000/2002): No such file or directory in /Users/hurayra/Local Sites/blueprint/app/public/wp-includes/class-wpdb.php on line 2035
[25-Sep-2023 05:17:32 UTC] PHP Warning:  mysqli_real_connect(): (HY000/2002): No such file or directory in /Users/hurayra/Local Sites/blueprint/app/public/wp-includes/class-wpdb.php on line 2035
[25-Sep-2023 05:17:32 UTC] PHP Warning:  mysqli_real_connect(): (HY000/2002): No such file or directory in /Users/hurayra/Local Sites/blueprint/app/public/wp-includes/class-wpdb.php on line 2035
[25-Sep-2023 05:20:02 UTC] Cron reschedule event error for hook: elementor_1_elementor_updater_cron, Error code: invalid_schedule, Error message: Event schedule does not exist., Data: {"schedule":"elementor_1_elementor_updater_cron_interval","args":[],"interval":300}
[25-Sep-2023 05:24:43 UTC] PHP Warning:  mysqli_real_connect(): (HY000/2002): No such file or directory in /Users/hurayra/Local Sites/blueprint/app/public/wp-includes/class-wpdb.php on line 2035
[30-Sep-2023 15:15:53 UTC] PHP Warning:  mysqli_real_connect(): (HY000/2002): No such file or directory in /Users/hurayra/Local Sites/blueprint/app/public/wp-includes/class-wpdb.php on line 2035
[30-Sep-2023 15:15:54 UTC] PHP Warning:  mysqli_real_connect(): (HY000/2002): No such file or directory in /Users/hurayra/Local Sites/blueprint/app/public/wp-includes/class-wpdb.php on line 2035
[30-Sep-2023 15:15:54 UTC] PHP Warning:  mysqli_real_connect(): (HY000/2002): No such file or directory in /Users/hurayra/Local Sites/blueprint/app/public/wp-includes/class-wpdb.php on line 2035
[30-Sep-2023 15:15:56 UTC] Cron reschedule event error for hook: action_scheduler_run_queue, Error code: invalid_schedule, Error message: Event schedule does not exist., Data: {"schedule":"every_minute","args":["WP Cron"],"interval":60}
[03-Oct-2023 15:19:08 UTC] PHP Warning:  mysqli_real_connect(): (HY000/2002): No such file or directory in /Users/hurayra/Local Sites/blueprint/app/public/wp-includes/class-wpdb.php on line 2035
[03-Oct-2023 15:28:16 UTC] PHP Warning:  mysqli_real_connect(): (HY000/2002): No such file or directory in /Users/hurayra/Local Sites/blueprint/app/public/wp-includes/class-wpdb.php on line 2035
[05-Oct-2023 05:11:38 UTC] PHP Warning:  mysqli_real_connect(): (HY000/2002): No such file or directory in /Users/hurayra/Local Sites/blueprint/app/public/wp-includes/class-wpdb.php on line 2035
[19-Oct-2023 02:24:17 UTC] PHP Warning:  mysqli_real_connect(): (HY000/2002): No such file or directory in /Users/hurayra/Local Sites/blueprint/app/public/wp-includes/class-wpdb.php on line 2035
[19-Oct-2023 02:24:18 UTC] PHP Warning:  mysqli_real_connect(): (HY000/2002): No such file or directory in /Users/hurayra/Local Sites/blueprint/app/public/wp-includes/class-wpdb.php on line 2035
[19-Oct-2023 02:24:18 UTC] PHP Warning:  mysqli_real_connect(): (HY000/2002): No such file or directory in /Users/hurayra/Local Sites/blueprint/app/public/wp-includes/class-wpdb.php on line 2035
[19-Oct-2023 02:24:31 UTC] Cron reschedule event error for hook: woocommerce_geoip_updater, Error code: invalid_schedule, Error message: Event schedule does not exist., Data: {"schedule":"fifteendays","args":[],"interval":1296000}
[27-Nov-2023 05:36:05 UTC] PHP Warning:  mysqli_real_connect(): (HY000/2002): No such file or directory in /Users/hurayra/Local Sites/blueprint/app/public/wp-includes/class-wpdb.php on line 2035
[27-Nov-2023 05:36:10 UTC] PHP Warning:  mysqli_real_connect(): (HY000/2002): No such file or directory in /Users/hurayra/Local Sites/blueprint/app/public/wp-includes/class-wpdb.php on line 2035
[27-Nov-2023 05:36:10 UTC] PHP Warning:  mysqli_real_connect(): (HY000/2002): No such file or directory in /Users/hurayra/Local Sites/blueprint/app/public/wp-includes/class-wpdb.php on line 2035
[27-Nov-2023 05:39:03 UTC] PHP Warning:  mysqli_real_connect(): (HY000/2002): No such file or directory in /Users/hurayra/Local Sites/blueprint/app/public/wp-includes/class-wpdb.php on line 1987
[27-Nov-2023 05:39:11 UTC] PHP Warning:  mysqli_real_connect(): (HY000/2002): No such file or directory in /Users/hurayra/Local Sites/blueprint/app/public/wp-includes/class-wpdb.php on line 1987
[25-Mar-2024 09:51:35 UTC] PHP Warning:  mysqli_real_connect(): (HY000/2002): No such file or directory in /Users/hurayra/Local Sites/blueprint/app/public/wp-includes/class-wpdb.php on line 1987
[25-Mar-2024 09:51:38 UTC] PHP Warning:  mysqli_real_connect(): (HY000/2002): No such file or directory in /Users/hurayra/Local Sites/blueprint/app/public/wp-includes/class-wpdb.php on line 1987
[25-Mar-2024 09:51:38 UTC] PHP Warning:  mysqli_real_connect(): (HY000/2002): No such file or directory in /Users/hurayra/Local Sites/blueprint/app/public/wp-includes/class-wpdb.php on line 1987
[25-Mar-2024 10:07:37 UTC] PHP Warning:  mysqli_real_connect(): (HY000/2002): No such file or directory in /Users/hurayra/Local Sites/git-migration-test/app/public/wp-includes/class-wpdb.php on line 1987
[25-Mar-2024 10:07:40 UTC] PHP Warning:  mysqli_real_connect(): (HY000/1045): Access denied for user 'root'@'localhost' (using password: YES) in /Users/hurayra/Local Sites/git-migration-test/app/public/wp-includes/class-wpdb.php on line 1987
[25-Mar-2024 10:07:41 UTC] PHP Warning:  mysqli_real_connect(): (HY000/1045): Access denied for user 'root'@'localhost' (using password: YES) in /Users/hurayra/Local Sites/git-migration-test/app/public/wp-includes/class-wpdb.php on line 1987
[25-Mar-2024 10:09:18 UTC] PHP Deprecated:  strip_tags(): Passing null to parameter #1 ($string) of type string is deprecated in /Users/hurayra/Local Sites/git-migration-test/app/public/wp-admin/admin-header.php on line 36
[25-Mar-2024 10:09:28 UTC] PHP Warning:  Undefined array key "form_id" in /Users/hurayra/Local Sites/git-migration-test/app/public/wp-content/plugins/templately/includes/Core/Importer/Runners/ExtraContent.php on line 81
[25-Mar-2024 10:09:28 UTC] PHP Warning:  Undefined array key "form_id" in /Users/hurayra/Local Sites/git-migration-test/app/public/wp-content/plugins/templately/includes/Core/Importer/Runners/ExtraContent.php on line 90
[25-Mar-2024 10:10:29 UTC] Array
(
    [extra-content] => Array
        (
            [form] => Array
                (
                    [12837] => Array
                        (
                            [fluent-forms] => Array
                                (
                                    [46d2c0d] => 3
                                )

                        )

                )

        )

    [templates] => Array
        (
            [succeed] => Array
                (
                    [12734] => 4082
                    [12745] => 4086
                )

            [template_types] => Array
                (
                    [0] => header
                    [1] => footer
                )

        )

    [content] => Array
        (
            [page] => Array
                (
                    [succeed] => Array
                        (
                            [12711] => 4090
                            [12764] => 4112
                            [12837] => 4120
                            [12758] => 4124
                        )

                )

        )

    [wp-content] => Array
        (
            [nav_menu_item] => Array
                (
                    [succeed] => Array
                        (
                            [12739] => 4137
                            [12842] => 4138
                            [12843] => 4139
                            [12844] => 4140
                        )

                    [failed] => Array
                        (
                        )

                )

        )

    [terms] => Array
        (
            [nav_menu_item] => Array
                (
                    [succeed] => Array
                        (
                            [82] => 41
                        )

                    [failed] => Array
                        (
                        )

                )

        )

    [customizer] => Array
        (
            [0] => title
        )

)

[25-Mar-2024 10:10:29 UTC] Shutdown:.....
[25-Mar-2024 10:10:29 UTC] connection_status: Normal
[25-Mar-2024 10:10:29 UTC] Array
(
    [type] => 8192
    [message] => Function libxml_disable_entity_loader() is deprecated
    [file] => /Users/hurayra/Local Sites/git-migration-test/app/public/wp-content/plugins/templately/includes/Core/Importer/Parsers/WXR_Parser_SimpleXML.php
    [line] => 54
)

