2023-11-01T05:46:35+00:00 CRITICAL During class fetch: Uncaught ParseError: syntax error, unexpected identifier "lete", expecting "(" in /Users/hurayra/Local Sites/wpdev/app/public/wp-content/plugins/essential-addons-for-elementor-lite/includes/Traits/Ajax_Handler.php:765
Stack trace:
#0 /Users/hurayra/Local Sites/wpdev/app/public/wp-content/plugins/essential-addons-for-elementor-lite/includes/Classes/Bootstrap.php(22): {closure}('Essential_Addon...')
#1 /Users/hurayra/Local Sites/wpdev/app/public/wp-content/plugins/essential-addons-for-elementor-lite/autoload.php(27): require('/Users/hurayra/...')
#2 /Users/hurayra/Local Sites/wpdev/app/public/wp-content/plugins/essential-addons-for-elementor-lite/essential_adons_elementor.php(53): {closure}('Essential_Addon...')
#3 /Users/hurayra/Local Sites/wpdev/app/public/wp-includes/class-wp-hook.php(310): {closure}('')
#4 /Users/hurayra/Local Sites/wpdev/app/public/wp-includes/class-wp-hook.php(334): WP_Hook->apply_filters(NULL, Array)
#5 /Users/hurayra/Local Sites/wpdev/app/public/wp-includes/plugin.php(517): WP_Hook->do_action(Array)
#6 /Users/hurayra/Local Sites/wpdev/app/public/wp-settings.php(495): do_action('plugins_loaded')
#7 /Users/hurayra/Local Sites/wpdev/app/public/wp-config.php(102): require_once('/Users/hurayra/...')
#8 /Users/hurayra/Local Sites/wpdev/app/public/wp-load.php(50): require_once('/Users/hurayra/...')
#9 /Users/hurayra/Local Sites/wpdev/app/public/wp-admin/admin-ajax.php(22): require_once('/Users/hurayra/...')
#10 {main} in /Users/hurayra/Local Sites/wpdev/app/public/wp-content/plugins/essential-addons-for-elementor-lite/includes/Classes/Bootstrap.php on line 22

2023-11-01T05:46:44+00:00 CRITICAL During class fetch: Uncaught ParseError: syntax error, unexpected identifier "lete", expecting "(" in /Users/hurayra/Local Sites/wpdev/app/public/wp-content/plugins/essential-addons-for-elementor-lite/includes/Traits/Ajax_Handler.php:765
Stack trace:
#0 /Users/hurayra/Local Sites/wpdev/app/public/wp-content/plugins/essential-addons-for-elementor-lite/includes/Classes/Bootstrap.php(22): {closure}('Essential_Addon...')
#1 /Users/hurayra/Local Sites/wpdev/app/public/wp-content/plugins/essential-addons-for-elementor-lite/autoload.php(27): require('/Users/hurayra/...')
#2 /Users/hurayra/Local Sites/wpdev/app/public/wp-content/plugins/essential-addons-for-elementor-lite/essential_adons_elementor.php(53): {closure}('Essential_Addon...')
#3 /Users/hurayra/Local Sites/wpdev/app/public/wp-includes/class-wp-hook.php(310): {closure}('')
#4 /Users/hurayra/Local Sites/wpdev/app/public/wp-includes/class-wp-hook.php(334): WP_Hook->apply_filters(NULL, Array)
#5 /Users/hurayra/Local Sites/wpdev/app/public/wp-includes/plugin.php(517): WP_Hook->do_action(Array)
#6 /Users/hurayra/Local Sites/wpdev/app/public/wp-settings.php(495): do_action('plugins_loaded')
#7 /Users/hurayra/Local Sites/wpdev/app/public/wp-config.php(102): require_once('/Users/hurayra/...')
#8 /Users/hurayra/Local Sites/wpdev/app/public/wp-load.php(50): require_once('/Users/hurayra/...')
#9 /Users/hurayra/Local Sites/wpdev/app/public/wp-admin/admin.php(34): require_once('/Users/hurayra/...')
#10 /Users/hurayra/Local Sites/wpdev/app/public/wp-admin/post.php(12): require_once('/Users/hurayra/...')
#11 {main} in /Users/hurayra/Local Sites/wpdev/app/public/wp-content/plugins/essential-addons-for-elementor-lite/includes/Classes/Bootstrap.php on line 22

2023-11-01T05:46:48+00:00 CRITICAL During class fetch: Uncaught ParseError: syntax error, unexpected identifier "lete", expecting "(" in /Users/hurayra/Local Sites/wpdev/app/public/wp-content/plugins/essential-addons-for-elementor-lite/includes/Traits/Ajax_Handler.php:765
Stack trace:
#0 /Users/hurayra/Local Sites/wpdev/app/public/wp-content/plugins/essential-addons-for-elementor-lite/includes/Classes/Bootstrap.php(22): {closure}('Essential_Addon...')
#1 /Users/hurayra/Local Sites/wpdev/app/public/wp-content/plugins/essential-addons-for-elementor-lite/autoload.php(27): require('/Users/hurayra/...')
#2 /Users/hurayra/Local Sites/wpdev/app/public/wp-content/plugins/essential-addons-for-elementor-lite/essential_adons_elementor.php(53): {closure}('Essential_Addon...')
#3 /Users/hurayra/Local Sites/wpdev/app/public/wp-includes/class-wp-hook.php(310): {closure}('')
#4 /Users/hurayra/Local Sites/wpdev/app/public/wp-includes/class-wp-hook.php(334): WP_Hook->apply_filters(NULL, Array)
#5 /Users/hurayra/Local Sites/wpdev/app/public/wp-includes/plugin.php(517): WP_Hook->do_action(Array)
#6 /Users/hurayra/Local Sites/wpdev/app/public/wp-settings.php(495): do_action('plugins_loaded')
#7 /Users/hurayra/Local Sites/wpdev/app/public/wp-config.php(102): require_once('/Users/hurayra/...')
#8 /Users/hurayra/Local Sites/wpdev/app/public/wp-load.php(50): require_once('/Users/hurayra/...')
#9 /Users/hurayra/Local Sites/wpdev/app/public/wp-admin/admin.php(34): require_once('/Users/hurayra/...')
#10 /Users/hurayra/Local Sites/wpdev/app/public/wp-admin/post.php(12): require_once('/Users/hurayra/...')
#11 {main} in /Users/hurayra/Local Sites/wpdev/app/public/wp-content/plugins/essential-addons-for-elementor-lite/includes/Classes/Bootstrap.php on line 22

2023-11-01T05:47:03+00:00 CRITICAL During class fetch: Uncaught ParseError: syntax error, unexpected identifier "lete", expecting "(" in /Users/hurayra/Local Sites/wpdev/app/public/wp-content/plugins/essential-addons-for-elementor-lite/includes/Traits/Ajax_Handler.php:765
Stack trace:
#0 /Users/hurayra/Local Sites/wpdev/app/public/wp-content/plugins/essential-addons-for-elementor-lite/includes/Classes/Bootstrap.php(22): {closure}('Essential_Addon...')
#1 /Users/hurayra/Local Sites/wpdev/app/public/wp-content/plugins/essential-addons-for-elementor-lite/autoload.php(27): require('/Users/hurayra/...')
#2 /Users/hurayra/Local Sites/wpdev/app/public/wp-content/plugins/essential-addons-for-elementor-lite/essential_adons_elementor.php(53): {closure}('Essential_Addon...')
#3 /Users/hurayra/Local Sites/wpdev/app/public/wp-includes/class-wp-hook.php(310): {closure}('')
#4 /Users/hurayra/Local Sites/wpdev/app/public/wp-includes/class-wp-hook.php(334): WP_Hook->apply_filters(NULL, Array)
#5 /Users/hurayra/Local Sites/wpdev/app/public/wp-includes/plugin.php(517): WP_Hook->do_action(Array)
#6 /Users/hurayra/Local Sites/wpdev/app/public/wp-settings.php(495): do_action('plugins_loaded')
#7 /Users/hurayra/Local Sites/wpdev/app/public/wp-config.php(102): require_once('/Users/hurayra/...')
#8 /Users/hurayra/Local Sites/wpdev/app/public/wp-load.php(50): require_once('/Users/hurayra/...')
#9 /Users/hurayra/Local Sites/wpdev/app/public/wp-admin/admin-ajax.php(22): require_once('/Users/hurayra/...')
#10 {main} in /Users/hurayra/Local Sites/wpdev/app/public/wp-content/plugins/essential-addons-for-elementor-lite/includes/Classes/Bootstrap.php on line 22

